CRITICAL - 2023-01-18 05:48:37 --> Undefined variable: pageTitle
in APPPATH\Views\partials\tas\meta.php on line 3.
 1 APPPATH\Views\partials\tas\meta.php(3): CodeIgniter\Debug\Exceptions->errorHandler(8, 'Undefined variable: pageTitle', 'APPPATH\\Views\\partials\\tas\\meta.php', 3, [])
 2 SYSTEMPATH\View\View.php(213): include('APPPATH\\Views\\partials\\tas\\meta.php')
 3 SYSTEMPATH\View\View.php(216): CodeIgniter\View\View->CodeIgniter\View\{closure}()
 4 SYSTEMPATH\View\View.php(431): CodeIgniter\View\View->render('partials/tas/meta', null, true)
 5 APPPATH\Views\layout\tas\login.php(7): CodeIgniter\View\View->include('partials/tas/meta')
 6 SYSTEMPATH\View\View.php(213): include('APPPATH\\Views\\layout\\tas\\login.php')
 7 SYSTEMPATH\View\View.php(216): CodeIgniter\View\View->CodeIgniter\View\{closure}()
 8 SYSTEMPATH\View\View.php(229): CodeIgniter\View\View->render('layout/tas/login', [], true)
 9 SYSTEMPATH\Common.php(1135): CodeIgniter\View\View->render('pages/tas/login', [], true)
10 APPPATH\Controllers\Home.php(15): view('pages/tas/login')
11 SYSTEMPATH\CodeIgniter.php(925): App\Controllers\Home->login()
12 SYSTEMPATH\CodeIgniter.php(480): CodeIgniter\CodeIgniter->runController(Object(App\Controllers\Home))
13 SYSTEMPATH\CodeIgniter.php(349): CodeIgniter\CodeIgniter->handleRequest(null, Object(Config\Cache), false)
14 FCPATH\index.php(67): CodeIgniter\CodeIgniter->run()
CRITICAL - 2023-01-18 05:49:00 --> Undefined variable: pageTitle
in APPPATH\Views\partials\tas\meta.php on line 3.
 1 APPPATH\Views\partials\tas\meta.php(3): CodeIgniter\Debug\Exceptions->errorHandler(8, 'Undefined variable: pageTitle', 'APPPATH\\Views\\partials\\tas\\meta.php', 3, [])
 2 SYSTEMPATH\View\View.php(213): include('APPPATH\\Views\\partials\\tas\\meta.php')
 3 SYSTEMPATH\View\View.php(216): CodeIgniter\View\View->CodeIgniter\View\{closure}()
 4 SYSTEMPATH\View\View.php(431): CodeIgniter\View\View->render('partials/tas/meta', null, true)
 5 APPPATH\Views\layout\tas\login.php(7): CodeIgniter\View\View->include('partials/tas/meta')
 6 SYSTEMPATH\View\View.php(213): include('APPPATH\\Views\\layout\\tas\\login.php')
 7 SYSTEMPATH\View\View.php(216): CodeIgniter\View\View->CodeIgniter\View\{closure}()
 8 SYSTEMPATH\View\View.php(229): CodeIgniter\View\View->render('layout/tas/login', [], true)
 9 SYSTEMPATH\Common.php(1135): CodeIgniter\View\View->render('pages/tas/login', [], true)
10 APPPATH\Controllers\Home.php(16): view('pages/tas/login')
11 SYSTEMPATH\CodeIgniter.php(925): App\Controllers\Home->login()
12 SYSTEMPATH\CodeIgniter.php(480): CodeIgniter\CodeIgniter->runController(Object(App\Controllers\Home))
13 SYSTEMPATH\CodeIgniter.php(349): CodeIgniter\CodeIgniter->handleRequest(null, Object(Config\Cache), false)
14 FCPATH\index.php(67): CodeIgniter\CodeIgniter->run()
