CRITICAL - 2023-01-17 05:28:28 --> Invalid file: partials/globalcss.php
in SYSTEMPATH\Exceptions\FrameworkException.php on line 33.
 1 SYSTEMPATH\View\View.php(201): CodeIgniter\Exceptions\FrameworkException::forInvalidFile('partials/globalcss.php')
 2 SYSTEMPATH\View\View.php(431): CodeIgniter\View\View->render('partials/globalcss', null, true)
 3 APPPATH\Views\pages\tas\createProfile.php(4): CodeIgniter\View\View->include('partials/globalcss')
 4 SYSTEMPATH\View\View.php(213): include('APPPATH\\Views\\pages\\tas\\createProfile.php')
 5 SYSTEMPATH\View\View.php(216): CodeIgniter\View\View->CodeIgniter\View\{closure}()
 6 SYSTEMPATH\Common.php(1135): CodeIgniter\View\View->render('pages/tas/createProfile', [], true)
 7 APPPATH\Controllers\Profile.php(16): view('pages/tas/createProfile')
 8 SYSTEMPATH\CodeIgniter.php(925): App\Controllers\Profile->create()
 9 SYSTEMPATH\CodeIgniter.php(480): CodeIgniter\CodeIgniter->runController(Object(App\Controllers\Profile))
10 SYSTEMPATH\CodeIgniter.php(349): CodeIgniter\CodeIgniter->handleRequest(null, Object(Config\Cache), false)
11 FCPATH\index.php(67): CodeIgniter\CodeIgniter->run()
CRITICAL - 2023-01-17 05:30:41 --> Invalid file: partials/globalcss.php
in SYSTEMPATH\Exceptions\FrameworkException.php on line 33.
 1 SYSTEMPATH\View\View.php(201): CodeIgniter\Exceptions\FrameworkException::forInvalidFile('partials/globalcss.php')
 2 SYSTEMPATH\View\View.php(431): CodeIgniter\View\View->render('partials/globalcss', null, true)
 3 APPPATH\Views\pages\tas\createProfile.php(4): CodeIgniter\View\View->include('partials/globalcss')
 4 SYSTEMPATH\View\View.php(213): include('APPPATH\\Views\\pages\\tas\\createProfile.php')
 5 SYSTEMPATH\View\View.php(216): CodeIgniter\View\View->CodeIgniter\View\{closure}()
 6 SYSTEMPATH\Common.php(1135): CodeIgniter\View\View->render('pages/tas/createProfile', [], true)
 7 APPPATH\Controllers\Profile.php(16): view('pages/tas/createProfile')
 8 SYSTEMPATH\CodeIgniter.php(925): App\Controllers\Profile->create()
 9 SYSTEMPATH\CodeIgniter.php(480): CodeIgniter\CodeIgniter->runController(Object(App\Controllers\Profile))
10 SYSTEMPATH\CodeIgniter.php(349): CodeIgniter\CodeIgniter->handleRequest(null, Object(Config\Cache), false)
11 FCPATH\index.php(67): CodeIgniter\CodeIgniter->run()
CRITICAL - 2023-01-17 05:30:44 --> Invalid file: partials/globalcss.php
in SYSTEMPATH\Exceptions\FrameworkException.php on line 33.
 1 SYSTEMPATH\View\View.php(201): CodeIgniter\Exceptions\FrameworkException::forInvalidFile('partials/globalcss.php')
 2 SYSTEMPATH\View\View.php(431): CodeIgniter\View\View->render('partials/globalcss', null, true)
 3 APPPATH\Views\pages\tas\createProfile.php(4): CodeIgniter\View\View->include('partials/globalcss')
 4 SYSTEMPATH\View\View.php(213): include('APPPATH\\Views\\pages\\tas\\createProfile.php')
 5 SYSTEMPATH\View\View.php(216): CodeIgniter\View\View->CodeIgniter\View\{closure}()
 6 SYSTEMPATH\Common.php(1135): CodeIgniter\View\View->render('pages/tas/createProfile', [], true)
 7 APPPATH\Controllers\Profile.php(16): view('pages/tas/createProfile')
 8 SYSTEMPATH\CodeIgniter.php(925): App\Controllers\Profile->create()
 9 SYSTEMPATH\CodeIgniter.php(480): CodeIgniter\CodeIgniter->runController(Object(App\Controllers\Profile))
10 SYSTEMPATH\CodeIgniter.php(349): CodeIgniter\CodeIgniter->handleRequest(null, Object(Config\Cache), false)
11 FCPATH\index.php(67): CodeIgniter\CodeIgniter->run()
CRITICAL - 2023-01-17 05:32:54 --> Invalid file: partials/globalcss.php
in SYSTEMPATH\Exceptions\FrameworkException.php on line 33.
 1 SYSTEMPATH\View\View.php(201): CodeIgniter\Exceptions\FrameworkException::forInvalidFile('partials/globalcss.php')
 2 SYSTEMPATH\View\View.php(431): CodeIgniter\View\View->render('partials/globalcss', null, true)
 3 APPPATH\Views\pages\tas\createProfile.php(4): CodeIgniter\View\View->include('partials/globalcss')
 4 SYSTEMPATH\View\View.php(213): include('APPPATH\\Views\\pages\\tas\\createProfile.php')
 5 SYSTEMPATH\View\View.php(216): CodeIgniter\View\View->CodeIgniter\View\{closure}()
 6 SYSTEMPATH\Common.php(1135): CodeIgniter\View\View->render('pages/tas/createProfile', [], true)
 7 APPPATH\Controllers\Profile.php(16): view('pages/tas/createProfile')
 8 SYSTEMPATH\CodeIgniter.php(925): App\Controllers\Profile->create()
 9 SYSTEMPATH\CodeIgniter.php(480): CodeIgniter\CodeIgniter->runController(Object(App\Controllers\Profile))
10 SYSTEMPATH\CodeIgniter.php(349): CodeIgniter\CodeIgniter->handleRequest(null, Object(Config\Cache), false)
11 FCPATH\index.php(67): CodeIgniter\CodeIgniter->run()
CRITICAL - 2023-01-17 05:58:47 --> Invalid file: partials/globalcss.php
in SYSTEMPATH\Exceptions\FrameworkException.php on line 33.
 1 SYSTEMPATH\View\View.php(201): CodeIgniter\Exceptions\FrameworkException::forInvalidFile('partials/globalcss.php')
 2 SYSTEMPATH\View\View.php(431): CodeIgniter\View\View->render('partials/globalcss', null, true)
 3 APPPATH\Views\pages\tas\createProfile.php(4): CodeIgniter\View\View->include('partials/globalcss')
 4 SYSTEMPATH\View\View.php(213): include('APPPATH\\Views\\pages\\tas\\createProfile.php')
 5 SYSTEMPATH\View\View.php(216): CodeIgniter\View\View->CodeIgniter\View\{closure}()
 6 SYSTEMPATH\Common.php(1135): CodeIgniter\View\View->render('pages/tas/createProfile', [], true)
 7 APPPATH\Controllers\Profile.php(16): view('pages/tas/createProfile')
 8 SYSTEMPATH\CodeIgniter.php(925): App\Controllers\Profile->create()
 9 SYSTEMPATH\CodeIgniter.php(480): CodeIgniter\CodeIgniter->runController(Object(App\Controllers\Profile))
10 SYSTEMPATH\CodeIgniter.php(349): CodeIgniter\CodeIgniter->handleRequest(null, Object(Config\Cache), false)
11 FCPATH\index.php(67): CodeIgniter\CodeIgniter->run()
CRITICAL - 2023-01-17 06:00:03 --> Invalid file: partials/globalcss.php
in SYSTEMPATH\Exceptions\FrameworkException.php on line 33.
 1 SYSTEMPATH\View\View.php(201): CodeIgniter\Exceptions\FrameworkException::forInvalidFile('partials/globalcss.php')
 2 SYSTEMPATH\View\View.php(431): CodeIgniter\View\View->render('partials/globalcss', null, true)
 3 APPPATH\Views\pages\tas\createProfile.php(4): CodeIgniter\View\View->include('partials/globalcss')
 4 SYSTEMPATH\View\View.php(213): include('APPPATH\\Views\\pages\\tas\\createProfile.php')
 5 SYSTEMPATH\View\View.php(216): CodeIgniter\View\View->CodeIgniter\View\{closure}()
 6 SYSTEMPATH\Common.php(1135): CodeIgniter\View\View->render('pages/tas/createProfile', [], true)
 7 APPPATH\Controllers\Profile.php(16): view('pages/tas/createProfile')
 8 SYSTEMPATH\CodeIgniter.php(925): App\Controllers\Profile->create()
 9 SYSTEMPATH\CodeIgniter.php(480): CodeIgniter\CodeIgniter->runController(Object(App\Controllers\Profile))
10 SYSTEMPATH\CodeIgniter.php(349): CodeIgniter\CodeIgniter->handleRequest(null, Object(Config\Cache), false)
11 FCPATH\index.php(67): CodeIgniter\CodeIgniter->run()
CRITICAL - 2023-01-17 06:01:04 --> Invalid file: partials/globalcss.php
in SYSTEMPATH\Exceptions\FrameworkException.php on line 33.
 1 SYSTEMPATH\View\View.php(201): CodeIgniter\Exceptions\FrameworkException::forInvalidFile('partials/globalcss.php')
 2 SYSTEMPATH\View\View.php(431): CodeIgniter\View\View->render('partials/globalcss', null, true)
 3 APPPATH\Views\pages\tas\createProfile.php(4): CodeIgniter\View\View->include('partials/globalcss')
 4 SYSTEMPATH\View\View.php(213): include('APPPATH\\Views\\pages\\tas\\createProfile.php')
 5 SYSTEMPATH\View\View.php(216): CodeIgniter\View\View->CodeIgniter\View\{closure}()
 6 SYSTEMPATH\Common.php(1135): CodeIgniter\View\View->render('pages/tas/createProfile', [], true)
 7 APPPATH\Controllers\Profile.php(16): view('pages/tas/createProfile')
 8 SYSTEMPATH\CodeIgniter.php(925): App\Controllers\Profile->create()
 9 SYSTEMPATH\CodeIgniter.php(480): CodeIgniter\CodeIgniter->runController(Object(App\Controllers\Profile))
10 SYSTEMPATH\CodeIgniter.php(349): CodeIgniter\CodeIgniter->handleRequest(null, Object(Config\Cache), false)
11 FCPATH\index.php(67): CodeIgniter\CodeIgniter->run()
CRITICAL - 2023-01-17 06:01:11 --> Invalid file: partials/globalcss.php
in SYSTEMPATH\Exceptions\FrameworkException.php on line 33.
 1 SYSTEMPATH\View\View.php(201): CodeIgniter\Exceptions\FrameworkException::forInvalidFile('partials/globalcss.php')
 2 SYSTEMPATH\View\View.php(431): CodeIgniter\View\View->render('partials/globalcss', null, true)
 3 APPPATH\Views\pages\tas\createProfile.php(4): CodeIgniter\View\View->include('partials/globalcss')
 4 SYSTEMPATH\View\View.php(213): include('APPPATH\\Views\\pages\\tas\\createProfile.php')
 5 SYSTEMPATH\View\View.php(216): CodeIgniter\View\View->CodeIgniter\View\{closure}()
 6 SYSTEMPATH\Common.php(1135): CodeIgniter\View\View->render('pages/tas/createProfile', [], true)
 7 APPPATH\Controllers\Profile.php(16): view('pages/tas/createProfile')
 8 SYSTEMPATH\CodeIgniter.php(925): App\Controllers\Profile->create()
 9 SYSTEMPATH\CodeIgniter.php(480): CodeIgniter\CodeIgniter->runController(Object(App\Controllers\Profile))
10 SYSTEMPATH\CodeIgniter.php(349): CodeIgniter\CodeIgniter->handleRequest(null, Object(Config\Cache), false)
11 FCPATH\index.php(67): CodeIgniter\CodeIgniter->run()
CRITICAL - 2023-01-17 06:07:07 --> Invalid file: partials/globalcss.php
in SYSTEMPATH\Exceptions\FrameworkException.php on line 33.
 1 SYSTEMPATH\View\View.php(201): CodeIgniter\Exceptions\FrameworkException::forInvalidFile('partials/globalcss.php')
 2 SYSTEMPATH\View\View.php(431): CodeIgniter\View\View->render('partials/globalcss', null, true)
 3 APPPATH\Views\pages\tas\createProfile.php(4): CodeIgniter\View\View->include('partials/globalcss')
 4 SYSTEMPATH\View\View.php(213): include('APPPATH\\Views\\pages\\tas\\createProfile.php')
 5 SYSTEMPATH\View\View.php(216): CodeIgniter\View\View->CodeIgniter\View\{closure}()
 6 SYSTEMPATH\Common.php(1135): CodeIgniter\View\View->render('pages/tas/createProfile', [], true)
 7 APPPATH\Controllers\Profile.php(16): view('pages/tas/createProfile')
 8 SYSTEMPATH\CodeIgniter.php(925): App\Controllers\Profile->create()
 9 SYSTEMPATH\CodeIgniter.php(480): CodeIgniter\CodeIgniter->runController(Object(App\Controllers\Profile))
10 SYSTEMPATH\CodeIgniter.php(349): CodeIgniter\CodeIgniter->handleRequest(null, Object(Config\Cache), false)
11 FCPATH\index.php(67): CodeIgniter\CodeIgniter->run()
CRITICAL - 2023-01-17 06:07:52 --> Invalid file: layout/mainLayout.php
in SYSTEMPATH\Exceptions\FrameworkException.php on line 33.
 1 SYSTEMPATH\View\View.php(201): CodeIgniter\Exceptions\FrameworkException::forInvalidFile('layout/mainLayout.php')
 2 SYSTEMPATH\View\View.php(229): CodeIgniter\View\View->render('layout/mainLayout', [], true)
 3 SYSTEMPATH\Common.php(1135): CodeIgniter\View\View->render('pages/tas/createProfile', [], true)
 4 APPPATH\Controllers\Profile.php(16): view('pages/tas/createProfile')
 5 SYSTEMPATH\CodeIgniter.php(925): App\Controllers\Profile->create()
 6 SYSTEMPATH\CodeIgniter.php(480): CodeIgniter\CodeIgniter->runController(Object(App\Controllers\Profile))
 7 SYSTEMPATH\CodeIgniter.php(349): CodeIgniter\CodeIgniter->handleRequest(null, Object(Config\Cache), false)
 8 FCPATH\index.php(67): CodeIgniter\CodeIgniter->run()
CRITICAL - 2023-01-17 06:07:53 --> Invalid file: layout/mainLayout.php
in SYSTEMPATH\Exceptions\FrameworkException.php on line 33.
 1 SYSTEMPATH\View\View.php(201): CodeIgniter\Exceptions\FrameworkException::forInvalidFile('layout/mainLayout.php')
 2 SYSTEMPATH\View\View.php(229): CodeIgniter\View\View->render('layout/mainLayout', [], true)
 3 SYSTEMPATH\Common.php(1135): CodeIgniter\View\View->render('pages/tas/createProfile', [], true)
 4 APPPATH\Controllers\Profile.php(16): view('pages/tas/createProfile')
 5 SYSTEMPATH\CodeIgniter.php(925): App\Controllers\Profile->create()
 6 SYSTEMPATH\CodeIgniter.php(480): CodeIgniter\CodeIgniter->runController(Object(App\Controllers\Profile))
 7 SYSTEMPATH\CodeIgniter.php(349): CodeIgniter\CodeIgniter->handleRequest(null, Object(Config\Cache), false)
 8 FCPATH\index.php(67): CodeIgniter\CodeIgniter->run()
CRITICAL - 2023-01-17 06:08:35 --> Invalid file: partials/mobile.php
in SYSTEMPATH\Exceptions\FrameworkException.php on line 33.
 1 SYSTEMPATH\View\View.php(201): CodeIgniter\Exceptions\FrameworkException::forInvalidFile('partials/mobile.php')
 2 SYSTEMPATH\View\View.php(431): CodeIgniter\View\View->render('partials/mobile', null, true)
 3 APPPATH\Views\layout\tas\mainLayout.php(13): CodeIgniter\View\View->include('partials/mobile')
 4 SYSTEMPATH\View\View.php(213): include('APPPATH\\Views\\layout\\tas\\mainLayout.php')
 5 SYSTEMPATH\View\View.php(216): CodeIgniter\View\View->CodeIgniter\View\{closure}()
 6 SYSTEMPATH\View\View.php(229): CodeIgniter\View\View->render('layout/tas/mainLayout', [], true)
 7 SYSTEMPATH\Common.php(1135): CodeIgniter\View\View->render('pages/tas/createProfile', [], true)
 8 APPPATH\Controllers\Profile.php(16): view('pages/tas/createProfile')
 9 SYSTEMPATH\CodeIgniter.php(925): App\Controllers\Profile->create()
10 SYSTEMPATH\CodeIgniter.php(480): CodeIgniter\CodeIgniter->runController(Object(App\Controllers\Profile))
11 SYSTEMPATH\CodeIgniter.php(349): CodeIgniter\CodeIgniter->handleRequest(null, Object(Config\Cache), false)
12 FCPATH\index.php(67): CodeIgniter\CodeIgniter->run()
CRITICAL - 2023-01-17 06:08:36 --> Invalid file: partials/mobile.php
in SYSTEMPATH\Exceptions\FrameworkException.php on line 33.
 1 SYSTEMPATH\View\View.php(201): CodeIgniter\Exceptions\FrameworkException::forInvalidFile('partials/mobile.php')
 2 SYSTEMPATH\View\View.php(431): CodeIgniter\View\View->render('partials/mobile', null, true)
 3 APPPATH\Views\layout\tas\mainLayout.php(13): CodeIgniter\View\View->include('partials/mobile')
 4 SYSTEMPATH\View\View.php(213): include('APPPATH\\Views\\layout\\tas\\mainLayout.php')
 5 SYSTEMPATH\View\View.php(216): CodeIgniter\View\View->CodeIgniter\View\{closure}()
 6 SYSTEMPATH\View\View.php(229): CodeIgniter\View\View->render('layout/tas/mainLayout', [], true)
 7 SYSTEMPATH\Common.php(1135): CodeIgniter\View\View->render('pages/tas/createProfile', [], true)
 8 APPPATH\Controllers\Profile.php(16): view('pages/tas/createProfile')
 9 SYSTEMPATH\CodeIgniter.php(925): App\Controllers\Profile->create()
10 SYSTEMPATH\CodeIgniter.php(480): CodeIgniter\CodeIgniter->runController(Object(App\Controllers\Profile))
11 SYSTEMPATH\CodeIgniter.php(349): CodeIgniter\CodeIgniter->handleRequest(null, Object(Config\Cache), false)
12 FCPATH\index.php(67): CodeIgniter\CodeIgniter->run()
CRITICAL - 2023-01-17 07:42:51 --> Invalid file: partials/meta.php
in SYSTEMPATH\Exceptions\FrameworkException.php on line 33.
 1 SYSTEMPATH\View\View.php(201): CodeIgniter\Exceptions\FrameworkException::forInvalidFile('partials/meta.php')
 2 SYSTEMPATH\View\View.php(431): CodeIgniter\View\View->render('partials/meta', null, true)
 3 APPPATH\Views\pages\tas\login.php(4): CodeIgniter\View\View->include('partials/meta')
 4 SYSTEMPATH\View\View.php(213): include('APPPATH\\Views\\pages\\tas\\login.php')
 5 SYSTEMPATH\View\View.php(216): CodeIgniter\View\View->CodeIgniter\View\{closure}()
 6 SYSTEMPATH\Common.php(1135): CodeIgniter\View\View->render('pages/tas/login', [], true)
 7 APPPATH\Controllers\Home.php(22): view('pages/tas/login')
 8 SYSTEMPATH\CodeIgniter.php(925): App\Controllers\Home->login()
 9 SYSTEMPATH\CodeIgniter.php(480): CodeIgniter\CodeIgniter->runController(Object(App\Controllers\Home))
10 SYSTEMPATH\CodeIgniter.php(349): CodeIgniter\CodeIgniter->handleRequest(null, Object(Config\Cache), false)
11 FCPATH\index.php(67): CodeIgniter\CodeIgniter->run()
CRITICAL - 2023-01-17 07:45:40 --> Invalid file: partials/tas/logincss.php
in SYSTEMPATH\Exceptions\FrameworkException.php on line 33.
 1 SYSTEMPATH\View\View.php(201): CodeIgniter\Exceptions\FrameworkException::forInvalidFile('partials/tas/logincss.php')
 2 SYSTEMPATH\View\View.php(431): CodeIgniter\View\View->render('partials/tas/logincss', null, true)
 3 APPPATH\Views\pages\tas\login.php(8): CodeIgniter\View\View->include('partials/tas/logincss')
 4 SYSTEMPATH\View\View.php(213): include('APPPATH\\Views\\pages\\tas\\login.php')
 5 SYSTEMPATH\View\View.php(216): CodeIgniter\View\View->CodeIgniter\View\{closure}()
 6 SYSTEMPATH\Common.php(1135): CodeIgniter\View\View->render('pages/tas/login', [], true)
 7 APPPATH\Controllers\Home.php(22): view('pages/tas/login')
 8 SYSTEMPATH\CodeIgniter.php(925): App\Controllers\Home->login()
 9 SYSTEMPATH\CodeIgniter.php(480): CodeIgniter\CodeIgniter->runController(Object(App\Controllers\Home))
10 SYSTEMPATH\CodeIgniter.php(349): CodeIgniter\CodeIgniter->handleRequest(null, Object(Config\Cache), false)
11 FCPATH\index.php(67): CodeIgniter\CodeIgniter->run()
CRITICAL - 2023-01-17 13:47:56 --> Invalid file: partials/tas/dashboard.php
in SYSTEMPATH\Exceptions\FrameworkException.php on line 33.
 1 SYSTEMPATH\View\View.php(201): CodeIgniter\Exceptions\FrameworkException::forInvalidFile('partials/tas/dashboard.php')
 2 SYSTEMPATH\View\View.php(431): CodeIgniter\View\View->render('partials/tas/dashboard', null, true)
 3 APPPATH\Views\pages\tas\dashboard.php(4): CodeIgniter\View\View->include('partials/tas/dashboard')
 4 SYSTEMPATH\View\View.php(213): include('APPPATH\\Views\\pages\\tas\\dashboard.php')
 5 SYSTEMPATH\View\View.php(216): CodeIgniter\View\View->CodeIgniter\View\{closure}()
 6 SYSTEMPATH\Common.php(1135): CodeIgniter\View\View->render('pages/tas/dashboard', [], true)
 7 APPPATH\Controllers\Home.php(10): view('pages/tas/dashboard')
 8 SYSTEMPATH\CodeIgniter.php(925): App\Controllers\Home->index()
 9 SYSTEMPATH\CodeIgniter.php(480): CodeIgniter\CodeIgniter->runController(Object(App\Controllers\Home))
10 SYSTEMPATH\CodeIgniter.php(349): CodeIgniter\CodeIgniter->handleRequest(null, Object(Config\Cache), false)
11 FCPATH\index.php(67): CodeIgniter\CodeIgniter->run()
